2020-12-24 05:07:38,438 -  root -  INFO -    86 - Initializing chrome driver
2020-12-24 05:07:44,150 -  root -  INFO -   130 - Chrome Driver initiated with user agent: Mozilla/5.0 (X11; Linux x86_64) AppleWebKit/537.36 (KHTML, like Gecko) Chrome/77.0.3865.90 Safari/537.36
2020-12-24 05:07:44,150 -  root -  INFO -    70 - Initialized the webdriver
2020-12-24 05:07:46,616 -  root -  INFO -    73 - Driver window maximized.
2020-12-24 05:07:52,129 -  root - DEBUG -    76 - opening Naukri.
2020-12-24 05:07:52,154 -  root - DEBUG -   202 - Finding username element by id:  email 
2020-12-24 05:07:52,650 -  root - DEBUG -   206 - Element Found: <selenium.webdriver.remote.webelement.WebElement (session="12cb75ce64da64f3dda53d181903722f", element="31409bf6-71da-47c8-8e72-6d4ab5f4299d")> Entered email/username: kartikey.porwal@gmail.com 
2020-12-24 05:07:54,675 -  root - DEBUG -   223 - Finding password element by id:  passwordField
2020-12-24 05:07:55,420 -  root - DEBUG -   227 - Password Element Found: <selenium.webdriver.remote.webelement.WebElement (session="12cb75ce64da64f3dda53d181903722f", element="c25160c1-a405-421a-a95a-00688541d3cd")> Pressed enter. 
2020-12-24 05:08:06,313 -  root -  INFO -   313 - Retrieved resume file path - C:\proj\naukri_update_scheduler\kartikey_porwal_resume.pdf
2020-12-24 05:08:13,285 -  root -  INFO -   336 - Finding resume element - attachCV
2020-12-24 05:08:13,710 -  root - DEBUG -   341 - Element Found: <selenium.webdriver.remote.webelement.WebElement (session="12cb75ce64da64f3dda53d181903722f", element="ce62b5da-f713-4825-a4b4-9350976bd003")>. 
2020-12-24 05:08:13,713 -  root -  INFO -   364 - Finding resume submit button element - //input[@type='button']
2020-12-24 05:08:14,496 -  root - DEBUG -   375 - Element Found: <selenium.webdriver.remote.webelement.WebElement (session="12cb75ce64da64f3dda53d181903722f", element="5ce76457-6cd0-4139-89fe-57a9c71bc072")>. Button Pressed
2020-12-24 05:08:30,377 -  root -  INFO -   313 - Retrieved resume file path - C:\proj\naukri_update_scheduler\kartikey_porwal_resume.pdf
2020-12-24 05:08:38,229 -  root -  INFO -   336 - Finding resume element - attachCV
2020-12-24 05:14:42,577 -  root -  INFO -    89 - Initializing chrome driver
2020-12-24 05:14:47,083 -  root -  INFO -   133 - Chrome Driver initiated with user agent: Mozilla/5.0 (X11; Linux x86_64) AppleWebKit/537.36 (KHTML, like Gecko) Chrome/77.0.3865.90 Safari/537.36
2020-12-24 05:14:47,089 -  root -  INFO -    73 - Initialized the webdriver
2020-12-24 05:14:49,293 -  root -  INFO -    76 - Driver window maximized.
2020-12-24 05:15:00,351 -  root - DEBUG -    79 - opening Naukri.
2020-12-24 05:15:01,666 -  root - DEBUG -   205 - Finding username element by id:  email 
2020-12-24 05:15:02,548 -  root - DEBUG -   209 - Element Found: <selenium.webdriver.remote.webelement.WebElement (session="e1947cc5e189f46fc14f60e906c29aab", element="3e69a603-26ed-4068-91c3-622b584b4331")> Entered email/username: kartikey.porwal@gmail.com 
2020-12-24 05:15:04,564 -  root - DEBUG -   226 - Finding password element by id:  passwordField
2020-12-24 05:15:05,303 -  root - DEBUG -   230 - Password Element Found: <selenium.webdriver.remote.webelement.WebElement (session="e1947cc5e189f46fc14f60e906c29aab", element="7f5ebb49-e6d2-46de-b630-8283276ab6be")> Pressed enter. 
2020-12-24 05:15:16,811 -  root -  INFO -   316 - Retrieved resume file path - C:\proj\naukri_update_scheduler\kartikey_porwal_resume.pdf
2020-12-24 05:15:24,035 -  root -  INFO -   339 - Finding resume element - attachCV
2020-12-24 05:15:24,252 -  root - DEBUG -   344 - Element Found: <selenium.webdriver.remote.webelement.WebElement (session="e1947cc5e189f46fc14f60e906c29aab", element="39a91356-6814-455f-af70-53f1f586c6aa")>. 
2020-12-24 05:15:24,255 -  root -  INFO -   367 - Finding resume submit button element - //input[@type='button']
2020-12-24 05:15:25,211 -  root - DEBUG -   378 - Element Found: <selenium.webdriver.remote.webelement.WebElement (session="e1947cc5e189f46fc14f60e906c29aab", element="36e26e81-bbcf-4560-8f6e-3e18870acd48")>. Button Pressed
2020-12-24 05:15:39,367 -  root -  INFO -   316 - Retrieved resume file path - C:\proj\naukri_update_scheduler\kartikey_porwal_resume.pdf
2020-12-24 05:15:51,014 -  root -  INFO -   339 - Finding resume element - attachCV
2020-12-24 05:15:51,333 -  root - DEBUG -   344 - Element Found: <selenium.webdriver.remote.webelement.WebElement (session="e1947cc5e189f46fc14f60e906c29aab", element="4938440d-5808-4d38-a8c5-4bd308d134b2")>. 
2020-12-24 05:15:51,340 -  root -  INFO -   367 - Finding resume submit button element - //input[@type='button']
2020-12-24 05:15:52,482 -  root - DEBUG -   378 - Element Found: <selenium.webdriver.remote.webelement.WebElement (session="e1947cc5e189f46fc14f60e906c29aab", element="79f8fead-0b8d-4df5-8175-85b5ee600908")>. Button Pressed
2020-12-24 05:16:08,310 -  root -  INFO -   316 - Retrieved resume file path - C:\proj\naukri_update_scheduler\kartikey_porwal_resume.pdf
2020-12-24 05:16:18,122 -  root -  INFO -   339 - Finding resume element - attachCV
2020-12-24 05:16:18,173 -  root - ERROR -   347 - Error found in finding resume element:  
Traceback (most recent call last):
  File "c:/proj/naukri_update_scheduler/naukri_resume_update.py", line 341, in update_resume
    id_=resume_class)
  File "C:\Users\kartikey\.conda\envs\test_env\lib\site-packages\selenium\webdriver\remote\webdriver.py", line 360, in find_element_by_id
    return self.find_element(by=By.ID, value=id_)
  File "C:\Users\kartikey\.conda\envs\test_env\lib\site-packages\selenium\webdriver\remote\webdriver.py", line 978, in find_element
    'value': value})['value']
  File "C:\Users\kartikey\.conda\envs\test_env\lib\site-packages\selenium\webdriver\remote\webdriver.py", line 321, in execute
    self.error_handler.check_response(response)
  File "C:\Users\kartikey\.conda\envs\test_env\lib\site-packages\selenium\webdriver\remote\errorhandler.py", line 242, in check_response
    raise exception_class(message, screen, stacktrace)
selenium.common.exceptions.NoSuchElementException: Message: no such element: Unable to locate element: {"method":"css selector","selector":"[id="attachCV"]"}
  (Session info: headless chrome=87.0.4280.88)

2020-12-24 05:16:18,542 -  root - DEBUG -   349 - Finding resume element using explicit time:  attachCV
2020-12-24 05:18:34,077 -  root -  INFO -    89 - Initializing chrome driver
2020-12-24 05:18:39,683 -  root -  INFO -   133 - Chrome Driver initiated with user agent: Mozilla/5.0 (X11; Linux x86_64) AppleWebKit/537.36 (KHTML, like Gecko) Chrome/77.0.3865.90 Safari/537.36
2020-12-24 05:18:39,891 -  root -  INFO -    73 - Initialized the webdriver
2020-12-24 05:18:42,048 -  root -  INFO -    76 - Driver window maximized.
2020-12-24 05:18:45,819 -  root - DEBUG -    79 - opening Naukri.
2020-12-24 05:18:45,939 -  root - DEBUG -   205 - Finding username element by id:  email 
2020-12-24 05:18:46,481 -  root - ERROR -   211 - Error found in finding email link:  
Traceback (most recent call last):
  File "c:/proj/naukri_update_scheduler/naukri_resume_update.py", line 206, in login
    self._email = self.driver.find_element_by_id(username_elem_id)
  File "C:\Users\kartikey\.conda\envs\test_env\lib\site-packages\selenium\webdriver\remote\webdriver.py", line 360, in find_element_by_id
    return self.find_element(by=By.ID, value=id_)
  File "C:\Users\kartikey\.conda\envs\test_env\lib\site-packages\selenium\webdriver\remote\webdriver.py", line 978, in find_element
    'value': value})['value']
  File "C:\Users\kartikey\.conda\envs\test_env\lib\site-packages\selenium\webdriver\remote\webdriver.py", line 321, in execute
    self.error_handler.check_response(response)
  File "C:\Users\kartikey\.conda\envs\test_env\lib\site-packages\selenium\webdriver\remote\errorhandler.py", line 242, in check_response
    raise exception_class(message, screen, stacktrace)
selenium.common.exceptions.NoSuchElementException: Message: no such element: Unable to locate element: {"method":"css selector","selector":"[id="usernameField"]"}
  (Session info: headless chrome=87.0.4280.88)

2020-12-24 05:18:47,200 -  root - DEBUG -   213 - Finding email/username element using explicit time by id:  email. 
2020-12-24 05:18:48,432 -  root - DEBUG -   219 - Element Found: <selenium.webdriver.remote.webelement.WebElement (session="52a0a452a9ff03cee123acc9dbff0a9a", element="4b56113d-23c5-4f51-a3c4-23b9376c08b6")> Entered email: kartikey.porwal@gmail.com  
2020-12-24 05:18:50,435 -  root - DEBUG -   226 - Finding password element by id:  passwordField
2020-12-24 05:18:51,098 -  root - DEBUG -   230 - Password Element Found: <selenium.webdriver.remote.webelement.WebElement (session="52a0a452a9ff03cee123acc9dbff0a9a", element="95f85476-969c-4840-9661-499180a52502")> Pressed enter. 
2020-12-24 05:19:02,070 -  root -  INFO -   316 - Retrieved resume file path - C:\proj\naukri_update_scheduler\kartikey_porwal_resume.pdf
2020-12-24 05:19:12,871 -  root -  INFO -   339 - Finding resume element - attachCV
2020-12-24 05:19:13,178 -  root - DEBUG -   344 - Element Found: <selenium.webdriver.remote.webelement.WebElement (session="52a0a452a9ff03cee123acc9dbff0a9a", element="b73063cb-f2ee-424e-8984-d9ff1f576d97")>. 
2020-12-24 05:19:13,181 -  root -  INFO -   367 - Finding resume submit button element - //input[@type='button']
2020-12-24 05:19:13,957 -  root - DEBUG -   378 - Element Found: <selenium.webdriver.remote.webelement.WebElement (session="52a0a452a9ff03cee123acc9dbff0a9a", element="7de4a22b-1a24-412a-a34e-c60bfd454e21")>. Button Pressed
2020-12-24 05:19:30,131 -  root -  INFO -   316 - Retrieved resume file path - C:\proj\naukri_update_scheduler\kartikey_porwal_resume.pdf
